<?xml version="1.0" encoding="UTF-8"?>
<!-- Generated by org.testng.reporters.JUnitReportReporter -->
<testsuite hostname="Trantor-LP375" failures="0" tests="1" name="LendingPointTestAutomation.applyOldUITests.OldApplyPageTests" time="158.597" errors="0" timestamp="2024-08-14T17:37:59 IST" skipped="0">
  <testcase classname="LendingPointTestAutomation.applyOldUITests.OldApplyPageTests" name="fillApplyFormSuccess" time="158.597"/>
  <system-out/>
</testsuite> <!-- LendingPointTestAutomation.applyOldUITests.OldApplyPageTests -->
