<?xml version="1.0" encoding="UTF-8"?>
<!-- Generated by org.testng.reporters.JUnitReportReporter -->
<testsuite hostname="Trantor-LP375" failures="0" tests="4" name="LendingPointTestAutomation.apiTests.applyFundingFlow" time="36.202" errors="0" timestamp="2024-08-13T20:36:53 IST" skipped="0">
  <testcase classname="LendingPointTestAutomation.apiTests.applyFundingFlow" name="qualifyAPITest" time="15.457"/>
  <system-out/>
  <testcase classname="LendingPointTestAutomation.apiTests.applyFundingFlow" name="saveOfferAPITest" time="13.451"/>
  <system-out/>
  <testcase classname="LendingPointTestAutomation.apiTests.applyFundingFlow" name="idologyAPITests" time="2.680"/>
  <system-out/>
  <testcase classname="LendingPointTestAutomation.apiTests.applyFundingFlow" name="saveLoanPaymentDetailAPITest" time="4.614"/>
  <system-out/>
</testsuite> <!-- LendingPointTestAutomation.apiTests.applyFundingFlow -->
